<?xml version="1.0" encoding="UTF-8" ?>
<testsuite tests="4" failures="0" name="es.unican.is2.gestionTienda.VendedorEnPracticasTest" time="0" errors="0" skipped="0">
  <properties>
[...]
</properties>
  <testcase classname="es.unican.is2.gestionTienda.VendedorEnPracticasTest" name="testSetTotalVentas" time="0"/>
  <testcase classname="es.unican.is2.gestionTienda.VendedorEnPracticasTest" name="testAnhadeVenta" time="0"/>
  <testcase classname="es.unican.is2.gestionTienda.VendedorEnPracticasTest" name="testEquals" time="0"/>
  <testcase classname="es.unican.is2.gestionTienda.VendedorEnPracticasTest" name="testConstructor" time="0"/>
</testsuite>